<?xml version="1.0" encoding="UTF-8"?>
<!-- Generated by org.testng.reporters.JUnitReportReporter -->
<testsuite hostname="Lenovo-PC" failures="0" tests="1" name="section16.Section16Files" time="5.029" errors="0" timestamp="2024-12-17T11:21:27 IST" skipped="0">
  <testcase classname="section16.Section16Files" name="creatEmpUsingMap" time="5.029"/>
  <system-out/>
</testsuite> <!-- section16.Section16Files -->
