<?xml version="1.0" encoding="UTF-8"?>
<!-- Generated by org.testng.reporters.JUnitReportReporter -->
<testsuite hostname="Lenovo-PC" failures="0" tests="1" name="section34.Section34" time="6.135" errors="0" timestamp="2024-12-20T18:40:36 IST" skipped="0">
  <testcase classname="section34.Section34" name="validateFormAuthentication_using_csrfToken" time="6.135"/>
  <system-out/>
</testsuite> <!-- section34.Section34 -->
