<?xml version="1.0" encoding="UTF-8"?>
<!-- Generated by org.testng.reporters.JUnitReportReporter -->
<testsuite hostname="Lenovo-PC" failures="0" tests="1" name="section26.Section26" time="7.068" errors="0" timestamp="2024-12-19T16:30:26 IST" skipped="0">
  <testcase classname="section26.Section26" name="createCollection" time="7.068"/>
  <system-out/>
</testsuite> <!-- section26.Section26 -->
