<?xml version="1.0" encoding="UTF-8"?>
<!-- Generated by org.testng.reporters.JUnitReportReporter -->
<testsuite hostname="Lenovo-PC" failures="0" tests="1" name="section24Serialization.Section24" time="9.661" errors="0" timestamp="2024-12-18T18:03:41 IST" skipped="0">
  <testcase classname="section24Serialization.Section24" name="validateComplexArrayRequest" time="9.661"/>
  <system-out/>
</testsuite> <!-- section24Serialization.Section24 -->
