<?xml version="1.0" encoding="UTF-8"?>
<!-- Generated by org.testng.reporters.JUnitReportReporter -->
<testsuite hostname="Lenovo-PC" failures="0" tests="1" name="section24Assignemnt.UserAssignment" time="6.064" errors="0" timestamp="2024-12-19T11:42:49 IST" skipped="0">
  <testcase classname="section24Assignemnt.UserAssignment" name="addEmployee" time="6.064"/>
  <system-out/>
</testsuite> <!-- section24Assignemnt.UserAssignment -->
