<?xml version="1.0" encoding="UTF-8"?>
<!-- Generated by org.testng.reporters.JUnitReportReporter -->
<testsuite hostname="Lenovo-PC" failures="0" tests="1" name="section24Serialization.PojoSamples" time="12.857" errors="0" timestamp="2024-12-18T19:20:12 IST" skipped="0">
  <testcase classname="section24Serialization.PojoSamples" name="checkPojoDeserialization" time="12.857"/>
  <system-out/>
</testsuite> <!-- section24Serialization.PojoSamples -->
