<?xml version="1.0" encoding="UTF-8"?>
<!-- Generated by org.testng.reporters.JUnitReportReporter -->
<testsuite hostname="Lenovo-PC" failures="0" tests="1" name="section13.Section15" time="3.523" errors="0" timestamp="2024-12-17T10:09:41 IST" skipped="0">
  <testcase classname="section13.Section15" name="deleteEmployee" time="3.523"/>
  <system-out/>
</testsuite> <!-- section13.Section15 -->
