<?xml version="1.0" encoding="UTF-8"?>
<!-- Generated by org.testng.reporters.JUnitReportReporter -->
<testsuite hostname="Lenovo-PC" failures="0" tests="1" name="section22.JsonSchemaSection" time="4.742" errors="0" timestamp="2024-12-18T14:23:34 IST" skipped="0">
  <testcase classname="section22.JsonSchemaSection" name="checkSchema" time="4.742"/>
  <system-out/>
</testsuite> <!-- section22.JsonSchemaSection -->
