<?xml version="1.0" encoding="UTF-8"?>
<!-- Generated by org.testng.reporters.JUnitReportReporter -->
<testsuite hostname="Lenovo-PC" failures="0" tests="1" name="section18.Section18" time="19.056" errors="0" timestamp="2024-12-18T10:02:55 IST" skipped="0">
  <testcase classname="section18.Section18" name="fileDownloading" time="19.056"/>
  <system-out/>
</testsuite> <!-- section18.Section18 -->
