<?xml version="1.0" encoding="UTF-8"?>
<!-- Generated by org.testng.reporters.JUnitReportReporter -->
<testsuite hostname="Lenovo-PC" failures="0" tests="2" name="section13.Section13" time="3.723" errors="0" timestamp="2024-12-16T16:23:53 IST" skipped="0">
  <testcase classname="section13.Section13" name="method1" time="3.714"/>
  <system-out/>
  <testcase classname="section13.Section13" name="queryTest" time="0.009"/>
  <system-out/>
</testsuite> <!-- section13.Section13 -->
