<?xml version="1.0" encoding="UTF-8"?>
<!-- Generated by org.testng.reporters.JUnitReportReporter -->
<testsuite hostname="Lenovo-PC" failures="0" tests="1" name="section17.Section17" time="6.717" errors="0" timestamp="2024-12-17T15:16:58 IST" skipped="0">
  <testcase classname="section17.Section17" name="complexJsonBody" time="6.717"/>
  <system-out/>
</testsuite> <!-- section17.Section17 -->
