<?xml version="1.0" encoding="UTF-8"?>
<!-- Generated by org.testng.reporters.JUnitReportReporter -->
<testsuite hostname="Lenovo-PC" failures="0" tests="2" name="section24Serialization.EmpSerialization" time="10.938" errors="0" timestamp="2024-12-19T10:42:55 IST" skipped="0">
  <testcase classname="section24Serialization.EmpSerialization" name="addEmployee" time="10.578"/>
  <system-out/>
  <testcase classname="section24Serialization.EmpSerialization" name="addEmployee" time="0.360"/>
  <system-out/>
</testsuite> <!-- section24Serialization.EmpSerialization -->
