<?xml version="1.0" encoding="UTF-8"?>
<!-- Generated by org.testng.reporters.JUnitReportReporter -->
<testsuite hostname="Lenovo-PC" failures="0" tests="1" name="section13.Section16" time="4.856" errors="0" timestamp="2024-12-16T17:48:21 IST" skipped="0">
  <testcase classname="section13.Section16" name="createEmployee" time="4.856"/>
  <system-out/>
</testsuite> <!-- section13.Section16 -->
