<?xml version="1.0" encoding="UTF-8"?>
<!-- Generated by org.testng.reporters.JUnitReportReporter -->
<testsuite hostname="Lenovo-PC" failures="0" tests="1" name="section23.Section23Logging" time="2.497" errors="0" timestamp="2024-12-18T14:29:06 IST" skipped="0">
  <testcase classname="section23.Section23Logging" name="checkLoggin1" time="2.497"/>
  <system-out/>
</testsuite> <!-- section23.Section23Logging -->
