<?xml version="1.0" encoding="UTF-8"?>
<!-- Generated by org.testng.reporters.JUnitReportReporter -->
<testsuite hostname="Lenovo-PC" failures="0" tests="1" name="section12.Section12" time="4.232" errors="0" timestamp="2024-12-13T17:06:09 IST" skipped="0">
  <testcase classname="section12.Section12" name="extractResponseHeaders" time="4.232"/>
  <system-out/>
</testsuite> <!-- section12.Section12 -->
