<?xml version="1.0" encoding="UTF-8"?>
<!-- Generated by org.testng.reporters.JUnitReportReporter -->
<testsuite hostname="Lenovo-PC" failures="0" tests="1" name="section21.Section21UrlEncoding" time="5.516" errors="0" timestamp="2024-12-18T10:34:13 IST" skipped="0">
  <testcase classname="section21.Section21UrlEncoding" name="checkURLENcoding" time="5.516"/>
  <system-out/>
</testsuite> <!-- section21.Section21UrlEncoding -->
