<?xml version="1.0" encoding="UTF-8"?>
<!-- Generated by org.testng.reporters.JUnitReportReporter -->
<testsuite hostname="Lenovo-PC" failures="0" tests="1" name="section17.AssignmentSection17" time="6.141" errors="0" timestamp="2024-12-17T16:01:30 IST" skipped="0">
  <testcase classname="section17.AssignmentSection17" name="assignment" time="6.141"/>
  <system-out/>
</testsuite> <!-- section17.AssignmentSection17 -->
