<?xml version="1.0" encoding="UTF-8"?>
<!-- Generated by org.testng.reporters.JUnitReportReporter -->
<testsuite hostname="Lenovo-PC" failures="0" tests="1" name="section11.Section11" time="3.745" errors="0" timestamp="2024-12-13T15:01:15 IST" skipped="0">
  <testcase classname="section11.Section11" name="blacklistHeaderInformations" time="3.745"/>
  <system-out/>
</testsuite> <!-- section11.Section11 -->
